In file included from [01m[K/opt/ros/noetic/include/ros/ros.h:40[m[K,
                 from [01m[K/home/abril/catkin_obj/src/distancia/src/depth.cpp:3[m[K:
[01m[K/home/abril/catkin_obj/src/distancia/src/depth.cpp:[m[K In function ‘[01m[Kvoid callback_BoundingBoxes(const ConstPtr&)[m[K’:
[01m[K/home/abril/catkin_obj/src/distancia/src/depth.cpp:53:42:[m[K [01;31m[Kerror: [m[K‘[01m[Kclass std::vector<distance::BoundingBox_<std::allocator<void> >, std::allocator<distance::BoundingBox_<std::allocator<void> > > >[m[K’ has no member named ‘[01m[Kbounding_boxes[m[K’
   53 |   ROS_INFO_STREAM("dsfgbdfgdf  "<<bboxes.[01;31m[Kbounding_boxes[m[K[0].xmin);
      |                                          [01;31m[K^~~~~~~~~~~~~~[m[K
[01m[K/opt/ros/noetic/include/ros/console.h:361:64:[m[K [01;36m[Knote: [m[Kin definition of macro ‘[01m[KROSCONSOLE_PRINT_STREAM_AT_LOCATION_WITH_FILTER[m[K’
  361 |     __rosconsole_print_stream_at_location_with_filter__ss__ << [01;36m[Kargs[m[K; \
      |                                                                [01;36m[K^~~~[m[K
[01m[K/opt/ros/noetic/include/ros/console.h:409:7:[m[K [01;36m[Knote: [m[Kin expansion of macro ‘[01m[KROSCONSOLE_PRINT_STREAM_AT_LOCATION[m[K’
  409 |       [01;36m[KROSCONSOLE_PRINT_STREAM_AT_LOCATION[m[K(args); \
      |       [01;36m[K^~~~~~~~~~~~~~~~~~~~~~~~~~~~~~~~~~~[m[K
[01m[K/opt/ros/noetic/include/ros/console.h:582:43:[m[K [01;36m[Knote: [m[Kin expansion of macro ‘[01m[KROS_LOG_STREAM_COND[m[K’
  582 | #define ROS_LOG_STREAM(level, name, args) [01;36m[KROS_LOG_STREAM_COND[m[K(true, level, name, args)
      |                                           [01;36m[K^~~~~~~~~~~~~~~~~~~[m[K
[01m[K/opt/ros/noetic/include/rosconsole/macros_generated.h:111:31:[m[K [01;36m[Knote: [m[Kin expansion of macro ‘[01m[KROS_LOG_STREAM[m[K’
  111 | #define ROS_INFO_STREAM(args) [01;36m[KROS_LOG_STREAM[m[K(::ros::console::levels::Info, ROSCONSOLE_DEFAULT_NAME, args)
      |                               [01;36m[K^~~~~~~~~~~~~~[m[K
[01m[K/home/abril/catkin_obj/src/distancia/src/depth.cpp:53:3:[m[K [01;36m[Knote: [m[Kin expansion of macro ‘[01m[KROS_INFO_STREAM[m[K’
   53 |   [01;36m[KROS_INFO_STREAM[m[K("dsfgbdfgdf  "<<bboxes.bounding_boxes[0].xmin);
      |   [01;36m[K^~~~~~~~~~~~~~~[m[K
make[2]: *** [CMakeFiles/depth.dir/build.make:63: CMakeFiles/depth.dir/src/depth.cpp.o] Error 1
make[1]: *** [CMakeFiles/Makefile2:270: CMakeFiles/depth.dir/all] Error 2
make: *** [Makefile:141: all] Error 2
