Linked: (/home/abril/catkin_obj/devel/.private/distance/include/distance/BoundingBox.h, /home/abril/catkin_obj/devel/include/distance/BoundingBox.h)
Linked: (/home/abril/catkin_obj/devel/.private/distance/include/distance/BoundingBoxes.h, /home/abril/catkin_obj/devel/include/distance/BoundingBoxes.h)
Linked: (/home/abril/catkin_obj/devel/.private/distance/lib/python3/dist-packages/distance/__init__.py, /home/abril/catkin_obj/devel/lib/python3/dist-packages/distance/__init__.py)
Linked: (/home/abril/catkin_obj/devel/.private/distance/lib/python3/dist-packages/distance/msg/__init__.py, /home/abril/catkin_obj/devel/lib/python3/dist-packages/distance/msg/__init__.py)
Linked: (/home/abril/catkin_obj/devel/.private/distance/lib/python3/dist-packages/distance/msg/_BoundingBoxes.py, /home/abril/catkin_obj/devel/lib/python3/dist-packages/distance/msg/_BoundingBoxes.py)
Linked: (/home/abril/catkin_obj/devel/.private/distance/lib/python3/dist-packages/distance/msg/_BoundingBox.py, /home/abril/catkin_obj/devel/lib/python3/dist-packages/distance/msg/_BoundingBox.py)
Linked: (/home/abril/catkin_obj/devel/.private/distance/lib/pkgconfig/distance.pc, /home/abril/catkin_obj/devel/lib/pkgconfig/distance.pc)
Linked: (/home/abril/catkin_obj/devel/.private/distance/lib/distance/depth, /home/abril/catkin_obj/devel/lib/distance/depth)
Linked: (/home/abril/catkin_obj/devel/.private/distance/share/roseus/ros/distance/manifest.l, /home/abril/catkin_obj/devel/share/roseus/ros/distance/manifest.l)
Linked: (/home/abril/catkin_obj/devel/.private/distance/share/roseus/ros/distance/msg/BoundingBox.l, /home/abril/catkin_obj/devel/share/roseus/ros/distance/msg/BoundingBox.l)
Linked: (/home/abril/catkin_obj/devel/.private/distance/share/roseus/ros/distance/msg/BoundingBoxes.l, /home/abril/catkin_obj/devel/share/roseus/ros/distance/msg/BoundingBoxes.l)
Linked: (/home/abril/catkin_obj/devel/.private/distance/share/distance/cmake/distanceConfig.cmake, /home/abril/catkin_obj/devel/share/distance/cmake/distanceConfig.cmake)
Linked: (/home/abril/catkin_obj/devel/.private/distance/share/distance/cmake/distance-msg-extras.cmake, /home/abril/catkin_obj/devel/share/distance/cmake/distance-msg-extras.cmake)
Linked: (/home/abril/catkin_obj/devel/.private/distance/share/distance/cmake/distance-msg-paths.cmake, /home/abril/catkin_obj/devel/share/distance/cmake/distance-msg-paths.cmake)
Linked: (/home/abril/catkin_obj/devel/.private/distance/share/distance/cmake/distanceConfig-version.cmake, /home/abril/catkin_obj/devel/share/distance/cmake/distanceConfig-version.cmake)
Linked: (/home/abril/catkin_obj/devel/.private/distance/share/gennodejs/ros/distance/_index.js, /home/abril/catkin_obj/devel/share/gennodejs/ros/distance/_index.js)
Linked: (/home/abril/catkin_obj/devel/.private/distance/share/gennodejs/ros/distance/msg/_index.js, /home/abril/catkin_obj/devel/share/gennodejs/ros/distance/msg/_index.js)
Linked: (/home/abril/catkin_obj/devel/.private/distance/share/gennodejs/ros/distance/msg/BoundingBoxes.js, /home/abril/catkin_obj/devel/share/gennodejs/ros/distance/msg/BoundingBoxes.js)
Linked: (/home/abril/catkin_obj/devel/.private/distance/share/gennodejs/ros/distance/msg/BoundingBox.js, /home/abril/catkin_obj/devel/share/gennodejs/ros/distance/msg/BoundingBox.js)
Linked: (/home/abril/catkin_obj/devel/.private/distance/share/common-lisp/ros/distance/msg/_package_BoundingBoxes.lisp, /home/abril/catkin_obj/devel/share/common-lisp/ros/distance/msg/_package_BoundingBoxes.lisp)
Linked: (/home/abril/catkin_obj/devel/.private/distance/share/common-lisp/ros/distance/msg/BoundingBox.lisp, /home/abril/catkin_obj/devel/share/common-lisp/ros/distance/msg/BoundingBox.lisp)
Linked: (/home/abril/catkin_obj/devel/.private/distance/share/common-lisp/ros/distance/msg/_package_BoundingBox.lisp, /home/abril/catkin_obj/devel/share/common-lisp/ros/distance/msg/_package_BoundingBox.lisp)
Linked: (/home/abril/catkin_obj/devel/.private/distance/share/common-lisp/ros/distance/msg/_package.lisp, /home/abril/catkin_obj/devel/share/common-lisp/ros/distance/msg/_package.lisp)
Linked: (/home/abril/catkin_obj/devel/.private/distance/share/common-lisp/ros/distance/msg/BoundingBoxes.lisp, /home/abril/catkin_obj/devel/share/common-lisp/ros/distance/msg/BoundingBoxes.lisp)
Linked: (/home/abril/catkin_obj/devel/.private/distance/share/common-lisp/ros/distance/msg/distance-msg.asd, /home/abril/catkin_obj/devel/share/common-lisp/ros/distance/msg/distance-msg.asd)
