In file included from [01m[K/opt/ros/noetic/include/ros/ros.h:40[m[K,
                 from [01m[K/home/abril/catkin_obj/src/distancia/src/depth.cpp:3[m[K:
[01m[K/home/abril/catkin_obj/src/distancia/src/depth.cpp:[m[K In function ‘[01m[Kvoid position_extraction(float, float, float, float)[m[K’:
[01m[K/home/abril/catkin_obj/src/distancia/src/depth.cpp:37:33:[m[K [01;31m[Kerror: [m[K‘[01m[Kpunt_mig[m[K’ was not declared in this scope; did you mean ‘[01m[Ky_punt_mig[m[K’?
   37 |   ROS_INFO_STREAM(" punt mig "<<[01;31m[Kpunt_mig[m[K);
      |                                 [01;31m[K^~~~~~~~[m[K
[01m[K/opt/ros/noetic/include/ros/console.h:361:64:[m[K [01;36m[Knote: [m[Kin definition of macro ‘[01m[KROSCONSOLE_PRINT_STREAM_AT_LOCATION_WITH_FILTER[m[K’
  361 |     __rosconsole_print_stream_at_location_with_filter__ss__ << [01;36m[Kargs[m[K; \
      |                                                                [01;36m[K^~~~[m[K
[01m[K/opt/ros/noetic/include/ros/console.h:409:7:[m[K [01;36m[Knote: [m[Kin expansion of macro ‘[01m[KROSCONSOLE_PRINT_STREAM_AT_LOCATION[m[K’
  409 |       [01;36m[KROSCONSOLE_PRINT_STREAM_AT_LOCATION[m[K(args); \
      |       [01;36m[K^~~~~~~~~~~~~~~~~~~~~~~~~~~~~~~~~~~[m[K
[01m[K/opt/ros/noetic/include/ros/console.h:582:43:[m[K [01;36m[Knote: [m[Kin expansion of macro ‘[01m[KROS_LOG_STREAM_COND[m[K’
  582 | #define ROS_LOG_STREAM(level, name, args) [01;36m[KROS_LOG_STREAM_COND[m[K(true, level, name, args)
      |                                           [01;36m[K^~~~~~~~~~~~~~~~~~~[m[K
[01m[K/opt/ros/noetic/include/rosconsole/macros_generated.h:111:31:[m[K [01;36m[Knote: [m[Kin expansion of macro ‘[01m[KROS_LOG_STREAM[m[K’
  111 | #define ROS_INFO_STREAM(args) [01;36m[KROS_LOG_STREAM[m[K(::ros::console::levels::Info, ROSCONSOLE_DEFAULT_NAME, args)
      |                               [01;36m[K^~~~~~~~~~~~~~[m[K
[01m[K/home/abril/catkin_obj/src/distancia/src/depth.cpp:37:3:[m[K [01;36m[Knote: [m[Kin expansion of macro ‘[01m[KROS_INFO_STREAM[m[K’
   37 |   [01;36m[KROS_INFO_STREAM[m[K(" punt mig "<<punt_mig);
      |   [01;36m[K^~~~~~~~~~~~~~~[m[K
make[2]: *** [CMakeFiles/depth.dir/build.make:63: CMakeFiles/depth.dir/src/depth.cpp.o] Error 1
make[1]: *** [CMakeFiles/Makefile2:270: CMakeFiles/depth.dir/all] Error 2
make: *** [Makefile:141: all] Error 2
